This is pdfTeX, Version 3.14159265-2.6-1.40.19 (MiKTeX 2.9.6630 64-bit) (preloaded format=pdflatex 2018.3.13)  1 JUL 2018 14:22
entering extended mode
**./ProgettoFinaleISS.tex
(ProgettoFinaleISS.tex
LaTeX2e <2017-04-15>
Babel <3.18> and hyphenation patterns for 75 language(s) loaded.
(../libs/llncs.cls

LaTeX Warning: You have requested document class `../libs/llncs',
               but the document class provides `llncs'.

Document Class: llncs 2004/08/17 v2.14 
 LaTeX document class for Lecture Notes in Computer Science

("C:\Users\Giuseppe\AppData\Local\Programs\MiKTeX 2.9\tex\latex\base\article.cl
s"
Document Class: article 2014/09/29 v1.4h Standard LaTeX document class
("C:\Users\Giuseppe\AppData\Local\Programs\MiKTeX 2.9\tex\latex\base\size10.clo
"
File: size10.clo 2014/09/29 v1.4h Standard LaTeX file (size option)
)
\c@part=\count79
\c@section=\count80
\c@subsection=\count81
\c@subsubsection=\count82
\c@paragraph=\count83
\c@subparagraph=\count84
\c@figure=\count85
\c@table=\count86
\abovecaptionskip=\skip41
\belowcaptionskip=\skip42
\bibindent=\dimen102
)
("C:\Users\Giuseppe\AppData\Local\Programs\MiKTeX 2.9\tex\latex\tools\multicol.
sty"
Package: multicol 2017/04/11 v1.8q multicolumn formatting (FMi)
\c@tracingmulticols=\count87
\mult@box=\box26
\multicol@leftmargin=\dimen103
\c@unbalance=\count88
\c@collectmore=\count89
\doublecol@number=\count90
\multicoltolerance=\count91
\multicolpretolerance=\count92
\full@width=\dimen104
\page@free=\dimen105
\premulticols=\dimen106
\postmulticols=\dimen107
\multicolsep=\skip43
\multicolbaselineskip=\skip44
\partial@page=\box27
\last@line=\box28
\maxbalancingoverflow=\dimen108
\mult@rightbox=\box29
\mult@grightbox=\box30
\mult@gfirstbox=\box31
\mult@firstbox=\box32
\@tempa=\box33
\@tempa=\box34
\@tempa=\box35
\@tempa=\box36
\@tempa=\box37
\@tempa=\box38
\@tempa=\box39
\@tempa=\box40
\@tempa=\box41
\@tempa=\box42
\@tempa=\box43
\@tempa=\box44
\@tempa=\box45
\@tempa=\box46
\@tempa=\box47
\@tempa=\box48
\@tempa=\box49
\c@columnbadness=\count93
\c@finalcolumnbadness=\count94
\last@try=\dimen109
\multicolovershoot=\dimen110
\multicolundershoot=\dimen111
\mult@nat@firstbox=\box50
\colbreak@box=\box51
\mc@col@check@num=\count95
)
\c@chapter=\count96
LaTeX Font Info:    Redeclaring math symbol \Gamma on input line 360.
LaTeX Font Info:    Redeclaring math symbol \Delta on input line 361.
LaTeX Font Info:    Redeclaring math symbol \Theta on input line 362.
LaTeX Font Info:    Redeclaring math symbol \Lambda on input line 363.
LaTeX Font Info:    Redeclaring math symbol \Xi on input line 364.
LaTeX Font Info:    Redeclaring math symbol \Pi on input line 365.
LaTeX Font Info:    Redeclaring math symbol \Sigma on input line 366.
LaTeX Font Info:    Redeclaring math symbol \Upsilon on input line 367.
LaTeX Font Info:    Redeclaring math symbol \Phi on input line 368.
LaTeX Font Info:    Redeclaring math symbol \Psi on input line 369.
LaTeX Font Info:    Redeclaring math symbol \Omega on input line 370.
\tocchpnum=\dimen112
\tocsecnum=\dimen113
\tocsectotal=\dimen114
\tocsubsecnum=\dimen115
\tocsubsectotal=\dimen116
\tocsubsubsecnum=\dimen117
\tocsubsubsectotal=\dimen118
\tocparanum=\dimen119
\tocparatotal=\dimen120
\tocsubparanum=\dimen121
\@tempcntc=\count97
\fnindent=\dimen122
\c@@inst=\count98
\c@@auth=\count99
\c@auco=\count100
\instindent=\dimen123
\authrun=\box52
\authorrunning=\toks14
\tocauthor=\toks15
\titrun=\box53
\titlerunning=\toks16
\toctitle=\toks17
\c@theorem=\count101
\c@case=\count102
\c@conjecture=\count103
\c@corollary=\count104
\c@definition=\count105
\c@example=\count106
\c@exercise=\count107
\c@lemma=\count108
\c@note=\count109
\c@problem=\count110
\c@property=\count111
\c@proposition=\count112
\c@question=\count113
\c@solution=\count114
\c@remark=\count115
\headlineindent=\dimen124
)
("C:\Users\Giuseppe\AppData\Local\Programs\MiKTeX 2.9\tex\latex\base\inputenc.s
ty"
Package: inputenc 2015/03/17 v1.2c Input encoding file
\inpenc@prehook=\toks18
\inpenc@posthook=\toks19

("C:\Users\Giuseppe\AppData\Local\Programs\MiKTeX 2.9\tex\latex\base\latin1.def
"
File: latin1.def 2015/03/17 v1.2c Input encoding file
))
("C:\Users\Giuseppe\AppData\Local\Programs\MiKTeX 2.9\tex\generic\babel\babel.s
ty"
Package: babel 2018/02/14 3.18 The Babel package

("C:\Users\Giuseppe\AppData\Local\Programs\MiKTeX 2.9\tex\generic\babel\switch.
def"
File: switch.def 2018/02/14 3.18 Babel switching mechanism
)
*************************************
* Local config file bblopts.cfg used
*

("C:\Users\Giuseppe\AppData\Local\Programs\MiKTeX 2.9\tex\latex\arabi\bblopts.c
fg"
File: bblopts.cfg 2005/09/08 v0.1 add Arabic and Farsi to "declared" options of
 babel
)
("C:\Users\Giuseppe\AppData\Local\Programs\MiKTeX 2.9\tex\latex\babel-english\e
nglish.ldf"
Language: english 2017/06/06 v3.3r English support from the babel system

("C:\Users\Giuseppe\AppData\Local\Programs\MiKTeX 2.9\tex\generic\babel\babel.d
ef"
File: babel.def 2018/02/14 3.18 Babel common definitions
\babel@savecnt=\count116
\U@D=\dimen125

("C:\Users\Giuseppe\AppData\Local\Programs\MiKTeX 2.9\tex\generic\babel\txtbabe
l.def")
\bbl@dirlevel=\count117
)
\l@canadian = a dialect from \language\l@american 
\l@australian = a dialect from \language\l@british 
\l@newzealand = a dialect from \language\l@british 
))
("C:\Users\Giuseppe\AppData\Local\Programs\MiKTeX 2.9\tex\latex\base\fontenc.st
y"
Package: fontenc 2017/04/05 v2.0i Standard LaTeX package

("C:\Users\Giuseppe\AppData\Local\Programs\MiKTeX 2.9\tex\latex\base\t1enc.def"
File: t1enc.def 2017/04/05 v2.0i Standard LaTeX file
LaTeX Font Info:    Redeclaring font encoding T1 on input line 48.
)) ("C:\Users\Giuseppe\AppData\Local\Programs\MiKTeX 2.9\tex\latex\url\url.sty"
\Urlmuskip=\muskip10
Package: url 2013/09/16  ver 3.4  Verb mode for urls, etc.
)
("C:\Users\Giuseppe\AppData\Local\Programs\MiKTeX 2.9\tex\latex\tools\xspace.st
y"
Package: xspace 2014/10/28 v1.13 Space after command names (DPC,MH)
) (../libs/manifest.sty
File: manifest.sty 2010/03/09 Package for adding categories, terms and keywords
 to llncs style
\catcount=\count118
)
("C:\Users\Giuseppe\AppData\Local\Programs\MiKTeX 2.9\tex\latex\graphics\graphi
cx.sty"
Package: graphicx 2017/06/01 v1.1a Enhanced LaTeX Graphics (DPC,SPQR)

("C:\Users\Giuseppe\AppData\Local\Programs\MiKTeX 2.9\tex\latex\graphics\keyval
.sty"
Package: keyval 2014/10/28 v1.15 key=value parser (DPC)
\KV@toks@=\toks20
)
("C:\Users\Giuseppe\AppData\Local\Programs\MiKTeX 2.9\tex\latex\graphics\graphi
cs.sty"
Package: graphics 2017/06/25 v1.2c Standard LaTeX Graphics (DPC,SPQR)

("C:\Users\Giuseppe\AppData\Local\Programs\MiKTeX 2.9\tex\latex\graphics\trig.s
ty"
Package: trig 2016/01/03 v1.10 sin cos tan (DPC)
)
("C:\Users\Giuseppe\AppData\Local\Programs\MiKTeX 2.9\tex\latex\graphics-cfg\gr
aphics.cfg"
File: graphics.cfg 2016/06/04 v1.11 sample graphics configuration
)
Package graphics Info: Driver file: pdftex.def on input line 99.

("C:\Users\Giuseppe\AppData\Local\Programs\MiKTeX 2.9\tex\latex\graphics-def\pd
ftex.def"
File: pdftex.def 2018/01/08 v1.0l Graphics/color driver for pdftex
))
\Gin@req@height=\dimen126
\Gin@req@width=\dimen127
) (ProgettoFinaleISS.aux)
\openout1 = `ProgettoFinaleISS.aux'.

LaTeX Font Info:    Checking defaults for OML/cmm/m/it on input line 107.
LaTeX Font Info:    ... okay on input line 107.
LaTeX Font Info:    Checking defaults for T1/cmr/m/n on input line 107.
LaTeX Font Info:    ... okay on input line 107.
LaTeX Font Info:    Checking defaults for OT1/cmr/m/n on input line 107.
LaTeX Font Info:    ... okay on input line 107.
LaTeX Font Info:    Checking defaults for OMS/cmsy/m/n on input line 107.
LaTeX Font Info:    ... okay on input line 107.
LaTeX Font Info:    Checking defaults for OMX/cmex/m/n on input line 107.
LaTeX Font Info:    ... okay on input line 107.
LaTeX Font Info:    Checking defaults for U/cmr/m/n on input line 107.
LaTeX Font Info:    ... okay on input line 107.

("C:\Users\Giuseppe\AppData\Local\Programs\MiKTeX 2.9\tex\context\base\supp-pdf
.mkii"
[Loading MPS to PDF converter (version 2006.09.02).]
\scratchcounter=\count119
\scratchdimen=\dimen128
\scratchbox=\box54
\nofMPsegments=\count120
\nofMParguments=\count121
\everyMPshowfont=\toks21
\MPscratchCnt=\count122
\MPscratchDim=\dimen129
\MPnumerator=\count123
\makeMPintoPDFobject=\count124
\everyMPtoPDFconversion=\toks22
)
("C:\Users\Giuseppe\AppData\Local\Programs\MiKTeX 2.9\tex\latex\oberdiek\epstop
df-base.sty"
Package: epstopdf-base 2016/05/15 v2.6 Base part for package epstopdf

("C:\Users\Giuseppe\AppData\Local\Programs\MiKTeX 2.9\tex\generic\oberdiek\infw
arerr.sty"
Package: infwarerr 2016/05/16 v1.4 Providing info/warning/error messages (HO)
)
("C:\Users\Giuseppe\AppData\Local\Programs\MiKTeX 2.9\tex\latex\oberdiek\grfext
.sty"
Package: grfext 2016/05/16 v1.2 Manage graphics extensions (HO)

("C:\Users\Giuseppe\AppData\Local\Programs\MiKTeX 2.9\tex\generic\oberdiek\kvde
finekeys.sty"
Package: kvdefinekeys 2016/05/16 v1.4 Define keys (HO)

("C:\Users\Giuseppe\AppData\Local\Programs\MiKTeX 2.9\tex\generic\oberdiek\ltxc
mds.sty"
Package: ltxcmds 2016/05/16 v1.23 LaTeX kernel commands for general use (HO)
)))
("C:\Users\Giuseppe\AppData\Local\Programs\MiKTeX 2.9\tex\latex\oberdiek\kvopti
ons.sty"
Package: kvoptions 2016/05/16 v3.12 Key value format for package options (HO)

("C:\Users\Giuseppe\AppData\Local\Programs\MiKTeX 2.9\tex\generic\oberdiek\kvse
tkeys.sty"
Package: kvsetkeys 2016/05/16 v1.17 Key value parser (HO)

("C:\Users\Giuseppe\AppData\Local\Programs\MiKTeX 2.9\tex\generic\oberdiek\etex
cmds.sty"
Package: etexcmds 2016/05/16 v1.6 Avoid name clashes with e-TeX commands (HO)

("C:\Users\Giuseppe\AppData\Local\Programs\MiKTeX 2.9\tex\generic\oberdiek\iflu
atex.sty"
Package: ifluatex 2016/05/16 v1.4 Provides the ifluatex switch (HO)
Package ifluatex Info: LuaTeX not detected.
)
Package etexcmds Info: Could not find \expanded.
(etexcmds)             That can mean that you are not using pdfTeX 1.50 or
(etexcmds)             that some package has redefined \expanded.
(etexcmds)             In the latter case, load this package earlier.
)))
("C:\Users\Giuseppe\AppData\Local\Programs\MiKTeX 2.9\tex\generic\oberdiek\pdft
excmds.sty"
Package: pdftexcmds 2018/01/21 v0.26 Utility functions of pdfTeX for LuaTeX (HO
)

("C:\Users\Giuseppe\AppData\Local\Programs\MiKTeX 2.9\tex\generic\oberdiek\ifpd
f.sty"
Package: ifpdf 2017/03/15 v3.2 Provides the ifpdf switch
)
Package pdftexcmds Info: LuaTeX not detected.
Package pdftexcmds Info: \pdf@primitive is available.
Package pdftexcmds Info: \pdf@ifprimitive is available.
Package pdftexcmds Info: \pdfdraftmode found.
)
Package epstopdf-base Info: Redefining graphics rule for `.eps' on input line 4
38.
Package grfext Info: Graphics extension search list:
(grfext)             [.pdf,.jpg,.tif,.eps]
(grfext)             \AppendGraphicsExtensions on input line 456.
)
LaTeX Font Info:    External font `cmex10' loaded for size
(Font)              <7> on input line 122.
LaTeX Font Info:    External font `cmex10' loaded for size
(Font)              <5> on input line 122.
LaTeX Font Info:    Try loading font information for T1+cmtt on input line 122.


("C:\Users\Giuseppe\AppData\Local\Programs\MiKTeX 2.9\tex\latex\base\t1cmtt.fd"
File: t1cmtt.fd 2014/09/29 v2.5h Standard LaTeX font definitions
)
Underfull \hbox (badness 10000) in paragraph at lines 135--141

 []

[1

{C:/Users/Giuseppe/AppData/Local/MiKTeX/2.9/pdftex/config/pdftex.map}]
Underfull \hbox (badness 10000) in paragraph at lines 167--172

 []

[2]
Underfull \hbox (badness 10000) in paragraph at lines 178--179

 []


Underfull \hbox (badness 10000) in paragraph at lines 185--186

 []


Underfull \hbox (badness 10000) in paragraph at lines 194--195

 []


Underfull \hbox (badness 10000) in paragraph at lines 200--201

 []


Underfull \hbox (badness 10000) in paragraph at lines 213--214

 []

[3]
Underfull \hbox (badness 10000) in paragraph at lines 222--223

 []


Underfull \hbox (badness 10000) in paragraph at lines 225--226

 []


Underfull \hbox (badness 10000) in paragraph at lines 227--231

 []


Underfull \hbox (badness 10000) in paragraph at lines 232--237

 []


Underfull \hbox (badness 10000) in paragraph at lines 238--241

 []

[4]
Underfull \hbox (badness 10000) in paragraph at lines 242--244

 []


Underfull \hbox (badness 10000) in paragraph at lines 245--246

 []


Underfull \hbox (badness 10000) in paragraph at lines 247--249

 []


Underfull \hbox (badness 10000) in paragraph at lines 250--251

 []


Underfull \hbox (badness 10000) in paragraph at lines 252--253

 []


Underfull \hbox (badness 10000) in paragraph at lines 253--256

 []

[5]
Underfull \hbox (badness 10000) in paragraph at lines 257--259

 []


Underfull \hbox (badness 10000) in paragraph at lines 260--261

 []


Underfull \hbox (badness 10000) in paragraph at lines 262--263

 []


Underfull \hbox (badness 10000) in paragraph at lines 264--265

 []


Underfull \hbox (badness 10000) in paragraph at lines 266--267

 []


Underfull \hbox (badness 10000) in paragraph at lines 268--269

 []


Underfull \hbox (badness 10000) in paragraph at lines 274--275

 []


Overfull \hbox (1.0456pt too wide) in paragraph at lines 276--277
[]\T1/cmr/m/n/10 Autenticazione: l'utente ac-cede al sis-tema uti-liz-zando un 
de-ter-mi-nato metodo
 []

[6]
Underfull \hbox (badness 10000) in paragraph at lines 286--291

 []


Overfull \hbox (69.9732pt too wide) in paragraph at lines 296--298
\T1/cmr/m/n/10 (informazioni com-plete: https://github.com/PierfrancescoSoffrit
ti/ConfigurableThreejsApp) 
 []


Overfull \hbox (0.76788pt too wide) in paragraph at lines 298--300
\T1/cmr/m/n/10 (informazioni com-plete: https://www.elegoo.com/product/elegoo-e
lectronic-
 []

[7]
Overfull \hbox (0.57349pt too wide) in paragraph at lines 323--324
\T1/cmr/m/n/10 tenere le cre-den-ziali e chi im-ple-menta il servizio di au-t-e
n-ti-cazione (pc, servizio
 []


Overfull \hbox (5.06824pt too wide) in paragraph at lines 333--339
\T1/cmr/m/n/10 La scelta ri-cade, quindi, sull'autenticazione (user-name+passwo
rd) tramite servizio
 []

[8]
Overfull \hbox (17.89844pt too wide) in paragraph at lines 340--346
\T1/cmr/m/n/10 Quest'ultimo ap-proc-cio sposterebbe parte della log-ica ap-plic
a-tiva sul pc/smartphone,
 []


Underfull \hbox (badness 10000) in paragraph at lines 340--346

 []


Overfull \hbox (17.89844pt too wide) in paragraph at lines 348--356
\T1/cmr/m/n/10 Quest'ultimo ap-proc-cio sposterebbe parte della log-ica ap-plic
a-tiva sul pc/smartphone,
 []


Underfull \vbox (badness 10000) has occurred while \output is active []

 [9]
Underfull \hbox (badness 10000) in paragraph at lines 357--359

 []


Underfull \hbox (badness 10000) in paragraph at lines 360--362

 []


Underfull \hbox (badness 10000) in paragraph at lines 364--367

 []


Underfull \hbox (badness 10000) in paragraph at lines 368--373

 []


Underfull \vbox (badness 10000) has occurred while \output is active []

 [10]
Underfull \hbox (badness 10000) in paragraph at lines 383--386

 []


Underfull \hbox (badness 10000) in paragraph at lines 387--392

 []


Underfull \hbox (badness 10000) in paragraph at lines 387--392

 []

[11]
Underfull \hbox (badness 10000) in paragraph at lines 393--395

 []


Underfull \hbox (badness 10000) in paragraph at lines 396--399

 []


Overfull \hbox (179.41455pt too wide) in paragraph at lines 400--405
\T1/cmr/m/n/10 e l'utilizzo di un dis-pos-i-tivo Rasp-berry mon-tato e col-le-g
ato con il robot (https://www.raspberrypi.org/products/raspberry-
 []


Underfull \vbox (badness 5105) has occurred while \output is active []

 [12]
[13]
Underfull \hbox (badness 10000) in paragraph at lines 445--447

 []


Underfull \hbox (badness 10000) in paragraph at lines 445--447

 []

[14]
Overfull \hbox (37.35202pt too wide) in paragraph at lines 465--467
\T1/cmr/m/n/10 ap-pog-ger-emo ad una li-bre-ria for-nita da Google stesso (http
s://github.com/google/google-
 []

[15]
Overfull \hbox (53.86188pt too wide) in paragraph at lines 481--484
\T1/cmr/m/n/10 essa tramite rete in-ter-net (Wifi) e con metodolo-gie REST-ful 
(https://www2.meethue.com/en-
 []


Overfull \hbox (166.7232pt too wide) in paragraph at lines 485--489
\T1/cmr/m/n/10 Per richiedere i dati oc-corre for-mu-lare richi-este in un de-t
er-mi-nato for-mato (https://www.openweathermap.org/current). 
 []


Underfull \hbox (badness 10000) in paragraph at lines 490--493

 []


Overfull \hbox (22.09186pt too wide) in paragraph at lines 494--497
\T1/cmr/m/n/10 La nos-tra scelta ri-cade sul pro-to-collo Mqtt, in quanto si pu
ò sfruttare un'infrastruttura
 []


Overfull \hbox (127.5661pt too wide) in paragraph at lines 494--497
\T1/cmr/m/n/10 lo-cale di sup-porto (Mosquitto Bro-ker) op-pure un'infrastruttu
ra es-terna (https://www.hivemq.com/blog/mqtt-
 []


Overfull \hbox (1.6524pt too wide) in paragraph at lines 498--502
\T1/cmr/m/n/10 l'infrastruttura vir-tuale (https://github.com/PierfrancescoSoff
ritti/configurable-
 []


Underfull \vbox (badness 10000) has occurred while \output is active []

 [16]
Underfull \hbox (badness 10000) in paragraph at lines 508--509

 []


Underfull \hbox (badness 10000) in paragraph at lines 519--521

 []


Underfull \hbox (badness 10000) in paragraph at lines 522--524

 []


Underfull \hbox (badness 10000) in paragraph at lines 525--527

 []


Overfull \hbox (63.30402pt too wide) in paragraph at lines 528--530
\T1/cmr/m/n/10 Robot Mbot, per rifer-i-menti uf-fi-ciali sulla strut-tura veder
e https://www.makeblock.com/steam-
 []

[17]
Overfull \hbox (173.66595pt too wide) in paragraph at lines 531--533
\T1/cmr/m/n/10 Robot costru-ito con lin-guag-gio Javascript, per rifer-i-mento 
vedere https://github.com/PierfrancescoSoffritti/configurable-
 []


Underfull \hbox (badness 10000) in paragraph at lines 531--533

 []


Overfull \hbox (12.77469pt too wide) in paragraph at lines 534--536
\T1/cmr/m/n/10 Led ELE-GOO, per rifer-i-mento https://www.elegoo.com/product/el
egoo-electronic-
 []


Underfull \hbox (badness 10000) in paragraph at lines 534--536

 []


Overfull \hbox (2.76324pt too wide) in paragraph at lines 537--539
\T1/cmr/m/n/10 Lampada a led Philips, per rifer-i-mento https://www2.meethue.co
m/en-us/about-
 []


Underfull \hbox (badness 10000) in paragraph at lines 537--539

 []


Overfull \hbox (21.00879pt too wide) in paragraph at lines 546--548
\T1/cmr/m/n/10 client fron-tend con au-t-en-ti-cazione, re-al-iz-zazione del me
c-ca-n-ismo di blink/spegnimento
 []


Underfull \hbox (badness 10000) in paragraph at lines 546--548

 []

[18]
Underfull \hbox (badness 10000) in paragraph at lines 579--580

 []

[19]

LaTeX Warning: Citation `natMol09' on page 20 undefined on input line 591.

<iss2018.jpeg, id=68, 1204.5pt x 1606.0pt>
File: iss2018.jpeg Graphic file (type jpg)
<use iss2018.jpeg>
Package pdftex.def Info: iss2018.jpeg  used on input line 606.
(pdftex.def)             Requested size: 120.45705pt x 160.6094pt.
(ProgettoFinaleISS.bbl

LaTeX Warning: Empty `thebibliography' environment on input line 3.

) [20 <./iss2018.jpeg>] (ProgettoFinaleISS.aux) ) 
Here is how much of TeX's memory you used:
 2778 strings out of 493305
 38933 string characters out of 3128497
 113001 words of memory out of 3000000
 6288 multiletter control sequences out of 15000+200000
 9653 words of font info for 23 fonts, out of 3000000 for 9000
 1141 hyphenation exceptions out of 8191
 41i,11n,25p,862b,219s stack positions out of 5000i,500n,10000p,200000b,50000s
 <C:\Users\Giuseppe\AppData\Lo
cal\MiKTeX\2.9\fonts\pk\ljfour\jknappen\ec\dpi600\ectt1000.pk> <C:\Users\Giusep
pe\AppData\Local\MiKTeX\2.9\fonts\pk\ljfour\jknappen\ec\dpi600\ecbx1000.pk> <C:
\Users\Giuseppe\AppData\Local\MiKTeX\2.9\fonts\pk\ljfour\jknappen\ec\dpi600\ecb
x1200.pk> <C:\Users\Giuseppe\AppData\Local\MiKTeX\2.9\fonts\pk\ljfour\jknappen\
ec\dpi600\ecrm0900.pk> <C:\Users\Giuseppe\AppData\Local\MiKTeX\2.9\fonts\pk\ljf
our\jknappen\ec\dpi600\ecrm1000.pk> <C:\Users\Giuseppe\AppData\Local\MiKTeX\2.9
\fonts\pk\ljfour\jknappen\ec\dpi600\ecbx1440.pk><C:/Users/Giuseppe/AppData/Loca
l/Programs/MiKTeX 2.9/fonts/type1/public/amsfonts/cm/cmsy7.pfb>
Output written on ProgettoFinaleISS.pdf (20 pages, 258870 bytes).
PDF statistics:
 321 PDF objects out of 1000 (max. 8388607)
 0 named destinations out of 1000 (max. 500000)
 6 words of extra memory for PDF output out of 10000 (max. 10000000)

